<?xml version="1.0" encoding="UTF-8"?>
<!-- Generated by org.testng.reporters.JUnitReportReporter -->
<testsuite skipped="0" hostname="foradian-H110M-H" name="bonus.MultipleBrowserSequentialRunner" tests="2" failures="0" timestamp="23 Feb 2020 03:59:57 GMT" time="74.460" errors="0">
  <testcase name="testmethod" time="36.487" classname="bonus.MultipleBrowserSequentialRunner"/>
  <testcase name="testmethod" time="37.973" classname="bonus.MultipleBrowserSequentialRunner"/>
</testsuite> <!-- bonus.MultipleBrowserSequentialRunner -->
