<?xml version="1.0" encoding="UTF-8"?>
<!-- Generated by org.testng.reporters.JUnitReportReporter -->
<testsuite skipped="0" hostname="foradian-H110M-H" name="bonus.MultipleBrowserSequentialRunner" tests="2" failures="0" timestamp="23 Feb 2020 10:10:07 GMT" time="96.888" errors="0">
  <testcase name="testmethod" time="47.411" classname="bonus.MultipleBrowserSequentialRunner"/>
  <testcase name="testmethod" time="49.477" classname="bonus.MultipleBrowserSequentialRunner"/>
</testsuite> <!-- bonus.MultipleBrowserSequentialRunner -->
