<?xml version="1.0" encoding="UTF-8"?>
<!-- Generated by org.testng.reporters.JUnitReportReporter -->
<testsuite skipped="0" hostname="foradian-H110M-H" name="bonus.MultipleBrowserParallelRunner" tests="2" failures="0" timestamp="23 Feb 2020 10:01:36 GMT" time="97.462" errors="0">
  <testcase name="testmethod" time="47.843" classname="bonus.MultipleBrowserParallelRunner"/>
  <testcase name="testmethod" time="49.619" classname="bonus.MultipleBrowserParallelRunner"/>
</testsuite> <!-- bonus.MultipleBrowserParallelRunner -->
