<?xml version="1.0" encoding="UTF-8"?>
<!-- Generated by org.testng.reporters.JUnitReportReporter -->
<testsuite skipped="0" hostname="foradian-H110M-H" name="bonus.MultipleBrowserParallelRunner" tests="2" failures="0" timestamp="23 Feb 2020 04:05:48 GMT" time="74.665" errors="0">
  <testcase name="testmethod" time="36.519" classname="bonus.MultipleBrowserParallelRunner"/>
  <testcase name="testmethod" time="38.146" classname="bonus.MultipleBrowserParallelRunner"/>
</testsuite> <!-- bonus.MultipleBrowserParallelRunner -->
